# JRE version: Java(TM) SE Runtime Environment (15.0.2+7) (build 15.0.2+7-27)
# Java VM: Java HotSpot(TM) 64-Bit Server VM (15.0.2+7-27, mixed mode, sharing, tiered, compressed oops, g1 gc, windows-amd64)
GC Precious Log:
 CPUs: 6 total, 6 available
 Memory: 7542M
 Large Page Support: Disabled
 NUMA Support: Disabled
 Compressed Oops: Enabled (32-bit)
 Heap Region Size: 1M
 Heap Min Capacity: 8M
 Heap Initial Capacity: 118M
 Heap Max Capacity: 1886M
 Pre-touch: Disabled
 Parallel Workers: 6
 Concurrent Workers: 2
 Concurrent Refinement Workers: 6
 Periodic GC: Disabled
Heap:
 garbage-first heap   total 120832K, used 71669K [0x000000008a200000, 0x0000000100000000)
  region size 1024K, 70 young (71680K), 1 survivors (1024K)
 Metaspace       used 8457K, capacity 8651K, committed 8960K, reserved 1056768K
  class space    used 862K, capacity 937K, committed 1024K, reserved 1048576K
GC Heap History (6 events):
Event: 17.035 GC heap before
{Heap before GC invocations=0 (full 0):
 garbage-first heap   total 120832K, used 20480K [0x000000008a200000, 0x0000000100000000)
  region size 1024K, 21 young (21504K), 0 survivors (0K)
 Metaspace       used 7867K, capacity 8043K, committed 8192K, reserved 1056768K
  class space    used 844K, capacity 905K, committed 1024K, reserved 1048576K
}
Event: 17.153 GC heap after
{Heap after GC invocations=1 (full 0):
 garbage-first heap   total 120832K, used 2562K [0x000000008a200000, 0x0000000100000000)
  region size 1024K, 3 young (3072K), 3 survivors (3072K)
 Metaspace       used 7867K, capacity 8043K, committed 8192K, reserved 1056768K
  class space    used 844K, capacity 905K, committed 1024K, reserved 1048576K
}
Event: 17.675 GC heap before
{Heap before GC invocations=1 (full 0):
 garbage-first heap   total 120832K, used 30210K [0x000000008a200000, 0x0000000100000000)
  region size 1024K, 31 young (31744K), 3 survivors (3072K)
 Metaspace       used 8047K, capacity 8267K, committed 8448K, reserved 1056768K
  class space    used 861K, capacity 937K, committed 1024K, reserved 1048576K
}
Event: 17.677 GC heap after
{Heap after GC invocations=2 (full 0):
 garbage-first heap   total 120832K, used 3262K [0x000000008a200000, 0x0000000100000000)
  region size 1024K, 1 young (1024K), 1 survivors (1024K)
 Metaspace       used 8047K, capacity 8267K, committed 8448K, reserved 1056768K
  class space    used 861K, capacity 937K, committed 1024K, reserved 1048576K
}
Event: 24.879 GC heap before
{Heap before GC invocations=2 (full 0):
 garbage-first heap   total 120832K, used 73918K [0x000000008a200000, 0x0000000100000000)
  region size 1024K, 70 young (71680K), 1 survivors (1024K)
 Metaspace       used 8273K, capacity 8459K, committed 8704K, reserved 1056768K
  class space    used 862K, capacity 937K, committed 1024K, reserved 1048576K
}
Event: 24.880 GC heap after
{Heap after GC invocations=3 (full 0):
 garbage-first heap   total 120832K, used 3061K [0x000000008a200000, 0x0000000100000000)
  region size 1024K, 1 young (1024K), 1 survivors (1024K)
 Metaspace       used 8273K, capacity 8459K, committed 8704K, reserved 1056768K
  class space    used 862K, capacity 937K, committed 1024K, reserved 1048576K
}

